[debug] [2021-01-19T23:09:51.488Z] ----------------------------------------------------------------------
[debug] [2021-01-19T23:09:51.494Z] Command:       C:\Program Files\nodejs\node.exe C:\Users\gerrard\AppData\Roaming\npm\node_modules\firebase-tools\lib\bin\firebase.js init
[debug] [2021-01-19T23:09:51.495Z] CLI Version:   9.2.1
[debug] [2021-01-19T23:09:51.496Z] Platform:      win32
[debug] [2021-01-19T23:09:51.496Z] Node Version:  v14.15.4
[debug] [2021-01-19T23:09:51.497Z] Time:          Wed Jan 20 2021 01:09:51 GMT+0200 (South Africa Standard Time)
[debug] [2021-01-19T23:09:51.498Z] ----------------------------------------------------------------------
[debug] [2021-01-19T23:09:51.498Z] 
[debug] [2021-01-19T23:09:51.521Z] > command requires scopes: ["email","openid","https://www.googleapis.com/auth/cloudplatformprojects.readonly","https://www.googleapis.com/auth/firebase","https://www.googleapis.com/auth/cloud-platform"]
[debug] [2021-01-19T23:09:51.523Z] > authorizing via signed-in user
[info] 
     ######## #### ########  ######## ########     ###     ######  ########
     ##        ##  ##     ## ##       ##     ##  ##   ##  ##       ##
     ######    ##  ########  ######   ########  #########  ######  ######
     ##        ##  ##    ##  ##       ##     ## ##     ##       ## ##
     ##       #### ##     ## ######## ########  ##     ##  ######  ########

You're about to initialize a Firebase project in this directory:

  C:\Users\gerrard\OneDrive\Desktop\amazon-clone

Before we get started, keep in mind:

  * You are initializing in an existing Firebase project directory

[info] 
=== Project Setup
[info] 
[info] First, let's associate this project directory with a Firebase project.
[info] You can create multiple project aliases by running firebase use --add, 
[info] but for now we'll just set up a default project.
[info] 
[info] i  .firebaserc already has a default project, using clone-bd8c2. 
[debug] [2021-01-19T23:10:11.865Z] >>> [apiv2][query] GET https://firebase.googleapis.com/v1beta1/projects/clone-bd8c2 [none]
[debug] [2021-01-19T23:10:12.671Z] <<< [apiv2][status] GET https://firebase.googleapis.com/v1beta1/projects/clone-bd8c2 403
[debug] [2021-01-19T23:10:12.672Z] <<< [apiv2][body] GET https://firebase.googleapis.com/v1beta1/projects/clone-bd8c2 {"error":{"code":403,"message":"The caller does not have permission","status":"PERMISSION_DENIED"}}
[debug] [2021-01-19T23:10:12.672Z] HTTP Error: 403, The caller does not have permission
[debug] [2021-01-19T23:10:13.124Z] FirebaseError: HTTP Error: 403, The caller does not have permission
    at module.exports (C:\Users\gerrard\AppData\Roaming\npm\node_modules\firebase-tools\lib\responseToError.js:38:12)
    at Client.doRequest (C:\Users\gerrard\AppData\Roaming\npm\node_modules\firebase-tools\lib\apiv2.js:220:23)
    at processTicksAndRejections (internal/process/task_queues.js:93:5)
    at async Client.request (C:\Users\gerrard\AppData\Roaming\npm\node_modules\firebase-tools\lib\apiv2.js:93:20)
    at async Object.getFirebaseProject (C:\Users\gerrard\AppData\Roaming\npm\node_modules\firebase-tools\lib\management\projects.js:289:21)
    at async Object.doSetup [as project] (C:\Users\gerrard\AppData\Roaming\npm\node_modules\firebase-tools\lib\init\features\project.js:77:27)
    at async init (C:\Users\gerrard\AppData\Roaming\npm\node_modules\firebase-tools\lib\init\index.js:19:9)
[error] 
[error] Error: Failed to get Firebase project clone-bd8c2. Please make sure the project exists and your account has permission to access it.
